c:\users\y1j2w\documents\github\cpp_yjw\230320\x64\debug\vc143.pdb
c:\users\y1j2w\documents\github\cpp_yjw\230320\x64\debug\vc143.idb
c:\users\y1j2w\documents\github\cpp_yjw\230320\x64\debug\230320.obj
c:\users\y1j2w\documents\github\cpp_yjw\230320\x64\debug\230320.pdb
c:\users\y1j2w\documents\github\cpp_yjw\230320\x64\debug\230320.tlog\cl.command.1.tlog
c:\users\y1j2w\documents\github\cpp_yjw\230320\x64\debug\230320.tlog\cl.read.1.tlog
c:\users\y1j2w\documents\github\cpp_yjw\230320\x64\debug\230320.tlog\cl.write.1.tlog
c:\users\y1j2w\documents\github\cpp_yjw\230320\x64\debug\230320.tlog\link-cvtres.read.1.tlog
c:\users\y1j2w\documents\github\cpp_yjw\230320\x64\debug\230320.tlog\link-cvtres.write.1.tlog
c:\users\y1j2w\documents\github\cpp_yjw\230320\x64\debug\230320.tlog\link-rc.read.1.tlog
c:\users\y1j2w\documents\github\cpp_yjw\230320\x64\debug\230320.tlog\link-rc.write.1.tlog
c:\users\y1j2w\documents\github\cpp_yjw\230320\x64\debug\230320.tlog\link.32256-cvtres.read.1.tlog
c:\users\y1j2w\documents\github\cpp_yjw\230320\x64\debug\230320.tlog\link.32256-cvtres.write.1.tlog
c:\users\y1j2w\documents\github\cpp_yjw\230320\x64\debug\230320.tlog\link.32256-rc.read.1.tlog
c:\users\y1j2w\documents\github\cpp_yjw\230320\x64\debug\230320.tlog\link.32256-rc.write.1.tlog
c:\users\y1j2w\documents\github\cpp_yjw\230320\x64\debug\230320.tlog\link.32256.read.1.tlog
c:\users\y1j2w\documents\github\cpp_yjw\230320\x64\debug\230320.tlog\link.32256.read.2.tlog
c:\users\y1j2w\documents\github\cpp_yjw\230320\x64\debug\230320.tlog\link.32256.write.1.tlog
c:\users\y1j2w\documents\github\cpp_yjw\230320\x64\debug\230320.tlog\link.command.1.tlog
c:\users\y1j2w\documents\github\cpp_yjw\230320\x64\debug\230320.tlog\link.read.1.tlog
c:\users\y1j2w\documents\github\cpp_yjw\230320\x64\debug\230320.tlog\link.read.2.tlog
c:\users\y1j2w\documents\github\cpp_yjw\230320\x64\debug\230320.tlog\link.write.1.tlog
