c:\users\y1j2w\documents\github\cpp_yjw\230315\x64\debug\vc143.pdb
c:\users\y1j2w\documents\github\cpp_yjw\230315\x64\debug\vc143.idb
c:\users\y1j2w\documents\github\cpp_yjw\230315\x64\debug\main.obj
c:\users\y1j2w\documents\github\cpp_yjw\230315\x64\debug\230315.pdb
c:\users\y1j2w\documents\github\cpp_yjw\230315\x64\debug\230315.tlog\cl.command.1.tlog
c:\users\y1j2w\documents\github\cpp_yjw\230315\x64\debug\230315.tlog\cl.read.1.tlog
c:\users\y1j2w\documents\github\cpp_yjw\230315\x64\debug\230315.tlog\cl.write.1.tlog
c:\users\y1j2w\documents\github\cpp_yjw\230315\x64\debug\230315.tlog\link-cvtres.read.1.tlog
c:\users\y1j2w\documents\github\cpp_yjw\230315\x64\debug\230315.tlog\link-cvtres.write.1.tlog
c:\users\y1j2w\documents\github\cpp_yjw\230315\x64\debug\230315.tlog\link-rc.read.1.tlog
c:\users\y1j2w\documents\github\cpp_yjw\230315\x64\debug\230315.tlog\link-rc.write.1.tlog
c:\users\y1j2w\documents\github\cpp_yjw\230315\x64\debug\230315.tlog\link.28552-cvtres.read.1.tlog
c:\users\y1j2w\documents\github\cpp_yjw\230315\x64\debug\230315.tlog\link.28552-cvtres.write.1.tlog
c:\users\y1j2w\documents\github\cpp_yjw\230315\x64\debug\230315.tlog\link.28552-rc.read.1.tlog
c:\users\y1j2w\documents\github\cpp_yjw\230315\x64\debug\230315.tlog\link.28552-rc.write.1.tlog
c:\users\y1j2w\documents\github\cpp_yjw\230315\x64\debug\230315.tlog\link.28552.read.1.tlog
c:\users\y1j2w\documents\github\cpp_yjw\230315\x64\debug\230315.tlog\link.28552.read.3.tlog
c:\users\y1j2w\documents\github\cpp_yjw\230315\x64\debug\230315.tlog\link.28552.write.1.tlog
c:\users\y1j2w\documents\github\cpp_yjw\230315\x64\debug\230315.tlog\link.command.1.tlog
c:\users\y1j2w\documents\github\cpp_yjw\230315\x64\debug\230315.tlog\link.read.1.tlog
c:\users\y1j2w\documents\github\cpp_yjw\230315\x64\debug\230315.tlog\link.read.2.tlog
c:\users\y1j2w\documents\github\cpp_yjw\230315\x64\debug\230315.tlog\link.write.1.tlog
